This file contains any messages produced by compilers while
running configure, to aid debugging if configure makes a mistake.

It was created by OpenJDK configure openjdk, which was
generated by GNU Autoconf 2.72.  Invocation command line was

  $ /d/git/jdk21-vista/configure --enable-option-checking=fatal

## --------- ##
## Platform. ##
## --------- ##

hostname = DESKTOP-42RR7VQ
uname -m = x86_64
uname -r = 3.5.3-d8b21b8c.x86_64
uname -s = MSYS_NT-10.0-19045
uname -v = 2024-07-09 18:03 UTC

/usr/bin/uname -p = unknown
/bin/uname -X     = unknown

/bin/arch              = x86_64
/usr/bin/arch -k       = unknown
/usr/convex/getsysinfo = unknown
/usr/bin/hostinfo      = unknown
/bin/machine           = unknown
/usr/bin/oslevel       = unknown
/bin/universe          = unknown

PATH: /usr/local/bin/
PATH: /usr/bin/
PATH: /bin/
PATH: /opt/bin/
PATH: /c/Windows/System32/
PATH: /c/Windows/
PATH: /c/Windows/System32/Wbem/
PATH: /c/Windows/System32/WindowsPowerShell/v1.0/
PATH: /usr/bin/site_perl/
PATH: /usr/bin/vendor_perl/
PATH: /usr/bin/core_perl/


## ----------- ##
## Core tests. ##
## ----------- ##

configure:3529: loading site script /etc/config.site
| # This file is in public domain.
| # Original author: Karlson2k (Evgeny Grin)
| # Written for MSys2 to help running 'configure' scripts
| 
| # Defaults for MSys2/MinGW64-targeted programs
| 
| # Set proper selfname on bash and fallback to default name on other shells
| test -n "${BASH_SOURCE}" 2>/dev/null && config_site_me="${BASH_SOURCE[0]##*/}" || config_site_me=config.site
| 
| # Set default 'host' to speedup configure
| if test -z "$build_alias"; then
|   build_alias="${MSYSTEM_CHOST}"  && \
|     ${as_echo-echo} "$config_site_me:${as_lineno-$LINENO}: default build_alias set to $build_alias" >&5
| fi
| 
| # Set default 'prefix'
| if ( test -z "$prefix" || test "x$prefix" = "xNONE" ) && \
|     ( test -z "$exec_prefix" || test "x$exec_prefix" = "xNONE" ); then
|   prefix="${MSYSTEM_PREFIX}" && \
|     ${as_echo-echo} "$config_site_me:${as_lineno-$LINENO}: default prefix set to $prefix" >&5
| fi
config.site:13: default build_alias set to x86_64-pc-msys
config.site:20: default prefix set to /usr
configure:4121: looking for aux files: config.guess config.sub
configure:4134:  trying /d/git/jdk21-vista/make/autoconf/build-aux/
configure:4163:   /d/git/jdk21-vista/make/autoconf/build-aux/config.guess found
configure:4163:   /d/git/jdk21-vista/make/autoconf/build-aux/config.sub found
configure:7019: Configuration created at Sat Jul 20 01:08:30 EDT 2024.
configure:7028: checking for basename
configure:7051: found /usr/bin/basename
configure:7064: result: /usr/bin/basename
configure:7084: checking for dirname
configure:7107: found /usr/bin/dirname
configure:7120: result: /usr/bin/dirname
configure:7140: checking for file
configure:7163: found /usr/bin/file
configure:7176: result: /usr/bin/file
configure:7196: checking for ldd
configure:7219: found /usr/bin/ldd
configure:7232: result: /usr/bin/ldd
configure:7262: checking for echo
configure:7270: result: echo [builtin]
configure:7901: checking for tr
configure:8129: result: /usr/bin/tr
configure:8540: checking for uname
configure:8768: result: /usr/bin/uname
configure:9179: checking for wc
configure:9407: result: /usr/bin/wc
configure:9810: checking for grep that handles long lines and -e
configure:9876: result: /usr/bin/grep
configure:10087: checking for egrep
configure:10157: result: /usr/bin/grep -E
configure:10376: checking for a sed that does not truncate output
configure:10448: result: /usr/bin/sed
configure:10676: checking for cygpath
configure:10904: result: /usr/bin/cygpath
configure:11308: checking for cmd.exe
configure:11536: result: /c/Windows/System32/cmd.exe
configure:11935: checking build system type
configure:11951: result: x86_64-pc-msys
configure:11971: checking host system type
configure:11986: result: x86_64-pc-msys
configure:12006: checking target system type
configure:12021: result: x86_64-pc-msys
configure:12332: checking openjdk-build os-cpu
configure:12334: result: windows-x86_64
configure:12612: checking openjdk-target os-cpu
configure:12614: result: windows-x86_64
configure:12672: checking compilation type
configure:12674: result: native
configure:13089: checking Windows environment type
configure:13092: result: msys2
configure:13107: checking msys2 drive prefix
configure:13110: result: ''
configure:13114: checking msys2 root directory as Windows path
configure:13123: result: 'C:\msys64'
configure:13127: checking msys2 temp directory
configure:13130: result: /tmp
configure:13140: checking msys2 release
configure:13143: result: 3.5.3-d8b21b8c.x86_64
configure:13146: checking msys2 version
configure:13149: result: 2024-07-09 18:03 UTC
configure:13154: checking Windows version
configure:13162: result: 10.0.19045.3930
configure:13282: checking what kind of 'find' is first on the PATH
configure:13286: result: unix style
configure:13388: checking for top-level directory
configure:13390: result: /d/git/jdk21-vista
configure:13816: checking for bash
configure:14044: result: /usr/bin/bash
configure:14190: checking for cat
configure:14418: result: /usr/bin/cat
configure:14829: checking for chmod
configure:15057: result: /usr/bin/chmod
configure:15468: checking for cp
configure:15696: result: /usr/bin/cp
configure:16107: checking for cut
configure:16335: result: /usr/bin/cut
configure:16746: checking for date
configure:16974: result: /usr/bin/date
configure:17385: checking for gdiff
configure:17620: result: [not found]
configure:17385: checking for diff
configure:17613: result: /usr/bin/diff
configure:18024: checking for expr
configure:18252: result: /usr/bin/expr
configure:18663: checking for find
configure:18891: result: /usr/bin/find
configure:19302: checking for gunzip
configure:19530: result: /usr/bin/gunzip
configure:19941: checking for pigz
configure:20176: result: [not found]
configure:19941: checking for gzip
configure:20169: result: /usr/bin/gzip
configure:20580: checking for head
configure:20808: result: /usr/bin/head
configure:21219: checking for ln
configure:21447: result: /usr/bin/ln
configure:21858: checking for ls
configure:22086: result: /usr/bin/ls
configure:22498: checking for gmkdir
configure:22733: result: [not found]
configure:22498: checking for mkdir
configure:22726: result: /usr/bin/mkdir
configure:23137: checking for mktemp
configure:23365: result: /usr/bin/mktemp
configure:23776: checking for mv
configure:24004: result: /usr/bin/mv
configure:24415: checking for gawk
configure:24643: result: /usr/bin/gawk
configure:25054: checking for printf
configure:25062: result: printf [builtin]
configure:25693: checking for rm
configure:25921: result: /usr/bin/rm
configure:26332: checking for rmdir
configure:26560: result: /usr/bin/rmdir
configure:26971: checking for sh
configure:27199: result: /usr/bin/sh
configure:27610: checking for sort
configure:27838: result: /usr/bin/sort
configure:28249: checking for tail
configure:28477: result: /usr/bin/tail
configure:28888: checking for gtar
configure:29123: result: [not found]
configure:28888: checking for tar
configure:29116: result: /usr/bin/tar
configure:29527: checking for tee
configure:29755: result: /usr/bin/tee
configure:30166: checking for touch
configure:30394: result: /usr/bin/touch
configure:30805: checking for xargs
configure:31033: result: /usr/bin/xargs
configure:31436: checking for fgrep
configure:31506: result: /usr/bin/grep -F
configure:31732: checking for df
configure:31960: result: /usr/bin/df
configure:32364: checking for git
configure:32599: result: [not found]
configure:32996: checking for nice
configure:33224: result: /usr/bin/nice
configure:33628: checking for greadlink
configure:33863: result: [not found]
configure:33628: checking for readlink
configure:33856: result: /usr/bin/readlink
configure:34260: checking for whoami
configure:34488: result: /usr/bin/whoami
configure:34894: checking for lsb_release
configure:35129: result: [not found]
configure:35528: checking for cmp
configure:35756: result: /usr/bin/cmp
configure:36160: checking for uniq
configure:36388: result: /usr/bin/uniq
configure:37072: checking for build environment type
configure:37152: result: dev, default (calculated from 'auto')
configure:37455: checking if custom source is suppressed (openjdk-only)
configure:37493: result: disabled, default
configure:37741: checking for --enable-debug
configure:37779: result: disabled, default
configure:37826: checking which debug level to use
configure:37840: result: release
configure:37899: checking which variants of the JVM to build
configure:37904: result: server
configure:37962: checking if absolute paths should be allowed in the build output
configure:37973: result: no, release build
configure:38262: checking for toolchain path
configure:38264: result: 
configure:40981: checking for sysroot
configure:40983: result: 
configure:40987: checking for extra path
configure:40989: result: 
configure:41006: checking where to store configuration
configure:41015: result: in default location
configure:41077: checking what configuration name to use
configure:41079: result: windows-x86_64-server-release
configure:41211: checking for zypper
configure:41446: result: [not found]
configure:41211: checking for apt-get
configure:41446: result: [not found]
configure:41211: checking for yum
configure:41446: result: [not found]
configure:41211: checking for brew
configure:41446: result: [not found]
configure:41211: checking for port
configure:41446: result: [not found]
configure:41211: checking for pkgutil
configure:41446: result: [not found]
configure:41211: checking for pkgadd
configure:41446: result: [not found]
configure:41211: checking for pacman
configure:41439: result: /usr/bin/pacman
configure:41847: checking for pandoc
configure:42082: result: [not found]
configure:42522: checking for gmake
configure:42757: result: [not found]
configure:43405: checking for make
configure:43633: result: /usr/bin/make
configure:44035: Testing potential make at /usr/bin/make, found using make in PATH
configure:49971: Using GNU make at /usr/bin/make (version: GNU Make 4.4.1)
configure:50269: checking if make --output-sync is supported
configure:50276: result: yes
configure:50282: checking for make --output-sync value
configure:50360: result: none, default
configure:50469: checking if find supports -delete
configure:50490: result: yes
configure:50509: checking what type of tar was found
configure:50511: result: gnu
configure:50536: checking that grep (/usr/bin/grep) -Fx handles empty lines in the pattern list correctly
configure:50547: result: yes
configure:50577: checking for unzip
configure:50805: result: /usr/bin/unzip
configure:51218: checking for zip
configure:51446: result: /usr/bin/zip
configure:51859: checking for greadelf
configure:52094: result: [not found]
configure:51859: checking for readelf
configure:52087: result: /usr/bin/readelf
configure:52491: checking for dot
configure:52726: result: [not found]
configure:53123: checking for stat
configure:53351: result: /usr/bin/stat
configure:53755: checking for time
configure:53763: result: time [builtin]
configure:54387: checking for flock
configure:54615: result: /usr/bin/flock
configure:55021: checking for dtrace
configure:55256: result: [not found]
configure:55653: checking for gpatch
configure:55888: result: [not found]
configure:55653: checking for patch
configure:55888: result: [not found]
configure:56279: checking if date is a GNU compatible version
configure:56283: result: yes
configure:60129: checking bash version
configure:60131: result: 5.2.26
configure:60141: checking if bash supports pipefail
configure:60145: result: yes
configure:60152: checking if bash supports errexit (-e)
configure:60156: result: yes
configure:60222: checking for pkg-config
configure:60261: result: no
configure:60339: checking for default LOG value
configure:60348: result: 
configure:60642: checking for JMOD compression type
configure:60720: result: zip-6, default
configure:61021: checking if packaged modules are kept
configure:61053: result: enabled, default
configure:61408: checking for --with-build-user
configure:61486: result: User, default
configure:61843: checking for --with-jdk-rc-name
configure:61921: result: OpenJDK Platform, default
configure:62287: checking for --with-vendor-name
configure:62365: result: N/A, default
configure:62724: checking for --with-jdk-rc-company-name
configure:62802: result: N/A, default
configure:63162: checking for --with-vendor-url
configure:63240: result: https://openjdk.org/, default
configure:63606: checking for --with-vendor-bug-url
configure:63684: result: https://bugreport.java.com/bugreport/, default
configure:64050: checking for --with-vendor-vm-bug-url
configure:64128: result: https://bugreport.java.com/bugreport/crash.jsp, default
configure:64489: checking for --with-version-string
configure:64564: result: <none>, default
configure:65093: checking for --with-version-feature
configure:65171: result: 21, default
configure:65878: checking for --with-version-date
configure:65956: result: 2024-07-16, default
configure:66316: checking for --with-vendor-version-string
configure:66377: result: <disabled>, default
configure:66751: checking for --with-macosx-bundle-name-base
configure:66829: result: OpenJDK, default
configure:67193: checking for --with-macosx-bundle-id-base
configure:67271: result: net.java.openjdk-internal, default
configure:67640: checking for --with-macosx-bundle-build-version
configure:67718: result: 0, default
configure:67810: checking for version string
configure:67812: result: 21.0.4-internal-adhoc.User.jdk21-vista
configure:69736: checking for javac
configure:69971: result: [not found]
configure:70368: checking for java
configure:70603: result: [not found]
configure:71458: Found potential Boot JDK using well-known locations (in /c/progra~1/java/latest)
configure:71467: Potential Boot JDK found at /c/progra~1/java/latest did not contain bin/java; ignoring
configure:71458: Found potential Boot JDK using well-known locations (in /c/progra~1/java/jre1.8.0_421)
configure:71473: Potential Boot JDK found at /c/progra~1/java/jre1.8.0_421 did not contain bin/javac; ignoring
configure:71475: (This might be an JRE instead of an JDK)
configure:71458: Found potential Boot JDK using well-known locations (in /c/progra~1/java/jdk-8.0.402.6-hotspot)
configure:71705: Potential Boot JDK found at /c/progra~1/java/jdk-8.0.402.6-hotspot is incorrect JDK version (openjdk version "1.8.0_402" OpenJDK Runtime Environment (Temurin)(build 1.8.0_402-b06) OpenJDK 64-Bit Server VM (Temurin)(build 25.402-b06, mixed mode)); ignoring
configure:71707: (Your Boot JDK version must be one of: 20 21)
configure:71458: Found potential Boot JDK using well-known locations (in /c/progra~1/java/jdk-21.0.3.9-hotspot)
configure:71771: checking for Boot JDK
configure:71773: result: /c/progra~1/java/jdk-21~1.9-h
configure:71775: checking Boot JDK version
configure:71780: result: openjdk version "21.0.3" 2024-04-16 LTS OpenJDK Runtime Environment Temurin-21.0.3+9 (build 21.0.3+9-LTS) OpenJDK 64-Bit Server VM Temurin-21.0.3+9 (build 21.0.3+9-LTS, mixed mode, sharing)
configure:77431: checking for java [Boot JDK]
configure:77441: result: $BOOT_JDK/bin/java
configure:77983: checking for javac [Boot JDK]
configure:77993: result: $BOOT_JDK/bin/javac
configure:78535: checking for javadoc [Boot JDK]
configure:78545: result: $BOOT_JDK/bin/javadoc
configure:79087: checking for jar [Boot JDK]
configure:79097: result: $BOOT_JDK/bin/jar
configure:79638: checking if Boot JDK jar supports --date=TIMESTAMP
configure:79640: result: true
configure:79658: checking if Boot JDK is 32 or 64 bits
configure:79660: result: 64
configure:79664: checking for local Boot JDK Class Data Sharing (CDS)
Check if jvm arg is ok: -XX:+UnlockDiagnosticVMOptions -XX:-VerifySharedSpaces -XX:SharedArchiveFile=/d/git/jdk21-vista/build/windows-x86_64-server-release/configure-support/classes.jsa
Command: /d/git/jdk21-vista/build/windows-x86_64-server-release/fixpath exec /c/progra~1/java/jdk-21~1.9-h/bin/java.exe -XX:+UnlockDiagnosticVMOptions -XX:-VerifySharedSpaces -XX:SharedArchiveFile=/d/git/jdk21-vista/build/windows-x86_64-server-release/configure-support/classes.jsa -version
configure:79688: result: yes, created
configure:79877: checking for Build JDK
configure:79879: result: yes, will use output dir
configure:79922: checking for docs-reference JDK
configure:80125: result: no, using interim javadoc for the docs-reference targets
configure:80157: checking what source date to use
configure:80171: result: 1721452140, from 'current' (default)
configure:80475: checking if we should build headless-only (no GUI)
configure:80513: result: disabled, default
configure:80770: checking if linker should clean out unused code (linktime-gc)
configure:80808: result: disabled, default
configure:80858: checking for graphviz dot
configure:80864: result: no, cannot generate full docs
configure:80869: checking for pandoc
configure:80875: result: no, cannot generate full docs
configure:81083: checking for --enable-full-docs
configure:81121: result: disabled, from default 'auto'
configure:81177: checking for cacerts file
configure:81180: result: default
configure:81203: checking for cacerts source
configure:81206: result: default
configure:81411: checking for --enable-unlimited-crypto
configure:81443: result: enabled, default
configure:81557: checking for jni library path
configure:81560: result: default
configure:81926: checking if static build is available
configure:81932: result: no
configure:81939: checking if static build is enabled
configure:81977: result: disabled, default
configure:82832: Using default toolchain microsoft (Microsoft Visual Studio)
configure:84420: error: Cannot locate a valid Visual Studio installation

## ---------------- ##
## Cache variables. ##
## ---------------- ##

ac_cv_build=x86_64-pc-msys
ac_cv_env_ALSA_CFLAGS_set=
ac_cv_env_ALSA_CFLAGS_value=
ac_cv_env_ALSA_LIBS_set=
ac_cv_env_ALSA_LIBS_value=
ac_cv_env_AR_set=
ac_cv_env_AR_value=
ac_cv_env_AS_set=
ac_cv_env_AS_value=
ac_cv_env_AWK_set=
ac_cv_env_AWK_value=
ac_cv_env_BASH_set=set
ac_cv_env_BASH_value=/usr/bin/bash
ac_cv_env_BUILD_AR_set=
ac_cv_env_BUILD_AR_value=
ac_cv_env_BUILD_AS_set=
ac_cv_env_BUILD_AS_value=
ac_cv_env_BUILD_CC_set=
ac_cv_env_BUILD_CC_value=
ac_cv_env_BUILD_CXX_set=
ac_cv_env_BUILD_CXX_value=
ac_cv_env_BUILD_LD_set=
ac_cv_env_BUILD_LD_value=
ac_cv_env_BUILD_NM_set=
ac_cv_env_BUILD_NM_value=
ac_cv_env_BUILD_OBJCOPY_set=
ac_cv_env_BUILD_OBJCOPY_value=
ac_cv_env_BUILD_STRIP_set=
ac_cv_env_BUILD_STRIP_value=
ac_cv_env_CAPSTONE_CFLAGS_set=
ac_cv_env_CAPSTONE_CFLAGS_value=
ac_cv_env_CAPSTONE_LIBS_set=
ac_cv_env_CAPSTONE_LIBS_value=
ac_cv_env_CAT_set=
ac_cv_env_CAT_value=
ac_cv_env_CCACHE_set=
ac_cv_env_CCACHE_value=
ac_cv_env_CCC_set=
ac_cv_env_CCC_value=
ac_cv_env_CC_set=
ac_cv_env_CC_value=
ac_cv_env_CFLAGS_set=
ac_cv_env_CFLAGS_value=
ac_cv_env_CHECK_GMAKE_set=
ac_cv_env_CHECK_GMAKE_value=
ac_cv_env_CHECK_MAKE_set=
ac_cv_env_CHECK_MAKE_value=
ac_cv_env_CHECK_TOOLSDIR_GMAKE_set=
ac_cv_env_CHECK_TOOLSDIR_GMAKE_value=
ac_cv_env_CHECK_TOOLSDIR_MAKE_set=
ac_cv_env_CHECK_TOOLSDIR_MAKE_value=
ac_cv_env_CHMOD_set=
ac_cv_env_CHMOD_value=
ac_cv_env_CMD_set=
ac_cv_env_CMD_value=
ac_cv_env_CMP_set=
ac_cv_env_CMP_value=
ac_cv_env_CODESIGN_set=
ac_cv_env_CODESIGN_value=
ac_cv_env_CPPFLAGS_set=
ac_cv_env_CPPFLAGS_value=
ac_cv_env_CPP_set=
ac_cv_env_CPP_value=
ac_cv_env_CP_set=
ac_cv_env_CP_value=
ac_cv_env_CUT_set=
ac_cv_env_CUT_value=
ac_cv_env_CXXCPP_set=
ac_cv_env_CXXCPP_value=
ac_cv_env_CXXFILT_set=
ac_cv_env_CXXFILT_value=
ac_cv_env_CXXFLAGS_set=
ac_cv_env_CXXFLAGS_value=
ac_cv_env_CXX_set=
ac_cv_env_CXX_value=
ac_cv_env_DATE_set=
ac_cv_env_DATE_value=
ac_cv_env_DF_set=
ac_cv_env_DF_value=
ac_cv_env_DIFF_set=
ac_cv_env_DIFF_value=
ac_cv_env_DOT_set=
ac_cv_env_DOT_value=
ac_cv_env_DSYMUTIL_set=
ac_cv_env_DSYMUTIL_value=
ac_cv_env_DTRACE_set=
ac_cv_env_DTRACE_value=
ac_cv_env_DUMPBIN_set=
ac_cv_env_DUMPBIN_value=
ac_cv_env_ECHO_set=
ac_cv_env_ECHO_value=
ac_cv_env_EGREP_set=
ac_cv_env_EGREP_value=
ac_cv_env_EXPR_set=
ac_cv_env_EXPR_value=
ac_cv_env_FGREP_set=
ac_cv_env_FGREP_value=
ac_cv_env_FIND_set=
ac_cv_env_FIND_value=
ac_cv_env_FLOCK_set=
ac_cv_env_FLOCK_value=
ac_cv_env_FREETYPE_CFLAGS_set=
ac_cv_env_FREETYPE_CFLAGS_value=
ac_cv_env_FREETYPE_LIBS_set=
ac_cv_env_FREETYPE_LIBS_value=
ac_cv_env_GIT_set=
ac_cv_env_GIT_value=
ac_cv_env_GREP_set=
ac_cv_env_GREP_value=
ac_cv_env_GUNZIP_set=
ac_cv_env_GUNZIP_value=
ac_cv_env_GZIP_set=
ac_cv_env_GZIP_value=
ac_cv_env_HARFBUZZ_CFLAGS_set=
ac_cv_env_HARFBUZZ_CFLAGS_value=
ac_cv_env_HARFBUZZ_LIBS_set=
ac_cv_env_HARFBUZZ_LIBS_value=
ac_cv_env_HEAD_set=
ac_cv_env_HEAD_value=
ac_cv_env_ICECC_CMD_set=
ac_cv_env_ICECC_CMD_value=
ac_cv_env_ICECC_CREATE_ENV_set=
ac_cv_env_ICECC_CREATE_ENV_value=
ac_cv_env_ICECC_WRAPPER_set=
ac_cv_env_ICECC_WRAPPER_value=
ac_cv_env_INSTALL_NAME_TOOL_set=
ac_cv_env_INSTALL_NAME_TOOL_value=
ac_cv_env_JAR_set=
ac_cv_env_JAR_value=
ac_cv_env_JAVAC_CHECK_set=
ac_cv_env_JAVAC_CHECK_value=
ac_cv_env_JAVAC_set=
ac_cv_env_JAVAC_value=
ac_cv_env_JAVADOC_set=
ac_cv_env_JAVADOC_value=
ac_cv_env_JAVA_CHECK_set=
ac_cv_env_JAVA_CHECK_value=
ac_cv_env_JAVA_set=
ac_cv_env_JAVA_value=
ac_cv_env_JTREGEXE_set=
ac_cv_env_JTREGEXE_value=
ac_cv_env_LCMS_CFLAGS_set=
ac_cv_env_LCMS_CFLAGS_value=
ac_cv_env_LCMS_LIBS_set=
ac_cv_env_LCMS_LIBS_value=
ac_cv_env_LDFLAGS_set=
ac_cv_env_LDFLAGS_value=
ac_cv_env_LD_set=
ac_cv_env_LD_value=
ac_cv_env_LIBFFI_CFLAGS_set=
ac_cv_env_LIBFFI_CFLAGS_value=
ac_cv_env_LIBFFI_LIBS_set=
ac_cv_env_LIBFFI_LIBS_value=
ac_cv_env_LIBS_set=
ac_cv_env_LIBS_value=
ac_cv_env_LIPO_set=
ac_cv_env_LIPO_value=
ac_cv_env_LLVM_CONFIG_set=
ac_cv_env_LLVM_CONFIG_value=
ac_cv_env_LN_set=
ac_cv_env_LN_value=
ac_cv_env_LSB_RELEASE_set=
ac_cv_env_LSB_RELEASE_value=
ac_cv_env_LS_set=
ac_cv_env_LS_value=
ac_cv_env_MAKE_set=
ac_cv_env_MAKE_value=
ac_cv_env_METALLIB_set=
ac_cv_env_METALLIB_value=
ac_cv_env_METAL_set=
ac_cv_env_METAL_value=
ac_cv_env_MIG_set=
ac_cv_env_MIG_value=
ac_cv_env_MKDIR_set=
ac_cv_env_MKDIR_value=
ac_cv_env_MKTEMP_set=
ac_cv_env_MKTEMP_value=
ac_cv_env_MT_set=
ac_cv_env_MT_value=
ac_cv_env_MV_set=
ac_cv_env_MV_value=
ac_cv_env_NICE_set=
ac_cv_env_NICE_value=
ac_cv_env_NM_set=
ac_cv_env_NM_value=
ac_cv_env_OBJCOPY_set=
ac_cv_env_OBJCOPY_value=
ac_cv_env_OBJDUMP_set=
ac_cv_env_OBJDUMP_value=
ac_cv_env_OTOOL_set=
ac_cv_env_OTOOL_value=
ac_cv_env_PANDOC_set=
ac_cv_env_PANDOC_value=
ac_cv_env_PATCH_set=
ac_cv_env_PATCH_value=
ac_cv_env_PATHTOOL_set=
ac_cv_env_PATHTOOL_value=
ac_cv_env_PKGHANDLER_set=
ac_cv_env_PKGHANDLER_value=
ac_cv_env_PKG_CONFIG_set=
ac_cv_env_PKG_CONFIG_value=
ac_cv_env_PNG_CFLAGS_set=
ac_cv_env_PNG_CFLAGS_value=
ac_cv_env_PNG_LIBS_set=
ac_cv_env_PNG_LIBS_value=
ac_cv_env_POTENTIAL_CC_set=
ac_cv_env_POTENTIAL_CC_value=
ac_cv_env_POTENTIAL_CXX_set=
ac_cv_env_POTENTIAL_CXX_value=
ac_cv_env_PRINTF_set=
ac_cv_env_PRINTF_value=
ac_cv_env_RC_set=
ac_cv_env_RC_value=
ac_cv_env_READELF_set=
ac_cv_env_READELF_value=
ac_cv_env_READLINK_set=
ac_cv_env_READLINK_value=
ac_cv_env_RMDIR_set=
ac_cv_env_RMDIR_value=
ac_cv_env_RM_set=
ac_cv_env_RM_value=
ac_cv_env_SED_set=
ac_cv_env_SED_value=
ac_cv_env_SETFILE_set=
ac_cv_env_SETFILE_value=
ac_cv_env_SH_set=
ac_cv_env_SH_value=
ac_cv_env_SORT_set=
ac_cv_env_SORT_value=
ac_cv_env_STAT_set=
ac_cv_env_STAT_value=
ac_cv_env_STRIP_set=
ac_cv_env_STRIP_value=
ac_cv_env_TAIL_set=
ac_cv_env_TAIL_value=
ac_cv_env_TAR_set=
ac_cv_env_TAR_value=
ac_cv_env_TEE_set=
ac_cv_env_TEE_value=
ac_cv_env_TIME_set=
ac_cv_env_TIME_value=
ac_cv_env_TOUCH_set=
ac_cv_env_TOUCH_value=
ac_cv_env_TR_set=
ac_cv_env_TR_value=
ac_cv_env_ULIMIT_set=
ac_cv_env_ULIMIT_value=
ac_cv_env_UNAME_set=
ac_cv_env_UNAME_value=
ac_cv_env_UNIQ_set=
ac_cv_env_UNIQ_value=
ac_cv_env_UNZIP_set=
ac_cv_env_UNZIP_value=
ac_cv_env_WC_set=
ac_cv_env_WC_value=
ac_cv_env_WHOAMI_set=
ac_cv_env_WHOAMI_value=
ac_cv_env_XARGS_set=
ac_cv_env_XARGS_value=
ac_cv_env_XATTR_set=
ac_cv_env_XATTR_value=
ac_cv_env_XCODEBUILD_set=
ac_cv_env_XCODEBUILD_value=
ac_cv_env_XCRUN_set=
ac_cv_env_XCRUN_value=
ac_cv_env_XLCLANG_TEST_PATH_set=
ac_cv_env_XLCLANG_TEST_PATH_value=
ac_cv_env_XMKMF_set=
ac_cv_env_XMKMF_value=
ac_cv_env_ZIPEXE_set=
ac_cv_env_ZIPEXE_value=
ac_cv_env_build_alias_set=
ac_cv_env_build_alias_value=
ac_cv_env_host_alias_set=
ac_cv_env_host_alias_value=
ac_cv_env_target_alias_set=
ac_cv_env_target_alias_value=
ac_cv_host=x86_64-pc-msys
ac_cv_path_BASENAME=/usr/bin/basename
ac_cv_path_DIRNAME=/usr/bin/dirname
ac_cv_path_EGREP='/usr/bin/grep -E'
ac_cv_path_EGREP_TRADITIONAL='/usr/bin/grep -E'
ac_cv_path_FGREP='/usr/bin/grep -F'
ac_cv_path_FILE=/usr/bin/file
ac_cv_path_GREP=/usr/bin/grep
ac_cv_path_LDD=/usr/bin/ldd
ac_cv_path_SED=/usr/bin/sed
ac_cv_target=x86_64-pc-msys

## ----------------- ##
## Output variables. ##
## ----------------- ##

ADLC_LANGSTD_CXXFLAGS=''
ADLC_LDFLAGS=''
ALLOW_ABSOLUTE_PATHS_IN_OUTPUT='false'
ALSA_CFLAGS=''
ALSA_LIBS=''
AR=''
ARFLAGS=''
AR_OUT_OPTION=''
AS=''
ASAN_ENABLED=''
ASFLAGS_DEBUG_SYMBOLS=''
AUTOCONF=''
AWK='/usr/bin/gawk'
BASENAME='/usr/bin/basename'
BASH='/usr/bin/bash'
BASH_ARGS=' -o pipefail -e'
BASIC_ASFLAGS=''
BOOTCYCLE_JVM_ARGS_BIG=''
BOOT_JDK='/c/progra~1/java/jdk-21~1.9-h'
BOOT_JDK_JAR_SUPPORTS_DATE='true'
BOOT_JDK_SOURCETARGET='-source 20 -target 20 -Xlint:-options'
BRANCH_PROTECTION_CFLAGS=''
BUILDJDK_JAVA_FLAGS_SMALL=''
BUILD_AR=''
BUILD_AS=''
BUILD_CC=''
BUILD_CC_DISABLE_WARNING_PREFIX=''
BUILD_CDS_ARCHIVE=''
BUILD_CXX=''
BUILD_ENV='dev'
BUILD_FAILURE_HANDLER=''
BUILD_ICECC=''
BUILD_JDK='$(JDK_OUTPUTDIR)'
BUILD_JTREG_TEST_THREAD_FACTORY=''
BUILD_LD=''
BUILD_LDCXX=''
BUILD_MANPAGES=''
BUILD_NM=''
BUILD_OBJCOPY=''
BUILD_STRIP=''
BUILD_SYSROOT_CFLAGS=''
BUILD_SYSROOT_LDFLAGS=''
CACERTS_FILE=''
CACERTS_SRC=''
CAPSTONE_CFLAGS=''
CAPSTONE_LIBS=''
CAT='/usr/bin/cat'
CC=''
CCACHE=''
CC_OUT_OPTION=''
CC_VERSION_NUMBER=''
CFLAGS=''
CFLAGS_CCACHE=''
CFLAGS_DEBUG_SYMBOLS=''
CFLAGS_JDKEXE=''
CFLAGS_JDKLIB=''
CFLAGS_WARNINGS_ARE_ERRORS=''
CHECK_GMAKE=''
CHECK_MAKE='/usr/bin/make'
CHECK_TOOLSDIR_GMAKE=''
CHECK_TOOLSDIR_MAKE=''
CHMOD='/usr/bin/chmod'
CLASSPATH=''
CMD='/c/Windows/System32/cmd.exe'
CMP='/usr/bin/cmp'
CODESIGN=''
COMPANY_NAME='N/A'
COMPATIBLE_CDS_ALIGNMENT_DEFAULT='false'
COMPILER_BINDCMD_FILE_FLAG=''
COMPILER_COMMAND_FILE_FLAG=''
COMPILER_SUPPORTS_TARGET_BITS_FLAG=''
COMPILER_TARGET_BITS_FLAG=''
COMPILE_TYPE='native'
COMPILE_WITH_DEBUG_SYMBOLS=''
COMPRESS_JARS='false'
CONFIGURESUPPORT_OUTPUTDIR='/d/git/jdk21-vista/build/windows-x86_64-server-release/configure-support'
CONFIGURE_COMMAND_LINE=''
CONFIGURE_START_DIR='/d/git/jdk21-vista'
CONF_NAME='windows-x86_64-server-release'
COPYRIGHT_YEAR='2024'
COPY_DEBUG_SYMBOLS=''
CP='/usr/bin/cp'
CPP=''
CPPFLAGS=''
CREATE_BUILDJDK='false'
CUPS_CFLAGS=''
CUT='/usr/bin/cut'
CXX=''
CXXCPP=''
CXXFILT=''
CXXFLAGS=''
CXXFLAGS_JDKEXE=''
CXXFLAGS_JDKLIB=''
CXX_O_FLAG_HI=''
CXX_O_FLAG_HIGHEST=''
CXX_O_FLAG_HIGHEST_JVM=''
CXX_O_FLAG_NONE=''
CXX_O_FLAG_NORM=''
CXX_O_FLAG_SIZE=''
CXX_VERSION_NUMBER=''
C_O_FLAG_HI=''
C_O_FLAG_HIGHEST=''
C_O_FLAG_HIGHEST_JVM=''
C_O_FLAG_NONE=''
C_O_FLAG_NORM=''
C_O_FLAG_SIZE=''
DATE='/usr/bin/date'
DATE_WHEN_CONFIGURED='Sat Jul 20 01:08:30 EDT 2024'
DEBUG_LEVEL='release'
DEFAULT_LOG=''
DEFAULT_MAKE_TARGET='exploded-image'
DEFINE_CROSS_COMPILE_ARCH=''
DEFS=''
DEVKIT_LIB_DIR=''
DF='/usr/bin/df'
DIFF='/usr/bin/diff'
DIRNAME='/usr/bin/dirname'
DISABLED_WARNINGS=''
DISABLED_WARNINGS_C=''
DISABLED_WARNINGS_CXX=''
DISABLE_WARNING_PREFIX=''
DOCS_REFERENCE_JAVADOC=''
DOT=''
DSYMUTIL=''
DTRACE=''
DUMPBIN=''
ECHO='echo'
ECHO_C=''
ECHO_N='-n'
ECHO_T=''
EGREP='/usr/bin/grep -E'
ENABLE_COMPATIBLE_CDS_ALIGNMENT=''
ENABLE_FALLBACK_LINKER=''
ENABLE_FULL_DOCS='false'
ENABLE_GENERATE_CLASSLIST=''
ENABLE_HEADLESS_ONLY='false'
ENABLE_HSDIS_BUNDLING=''
ENABLE_JAVAC_SERVER=''
ENABLE_LIBFFI_BUNDLING=''
ENABLE_LINKTIME_GC='false'
ENABLE_PANDOC='false'
EXCLUDE_TRANSLATIONS=''
EXECUTABLE_SUFFIX='.exe'
EXEEXT=''
EXPR='/usr/bin/expr'
EXTERNAL_BUILDJDK='false'
EXTRA_ASFLAGS=''
EXTRA_CFLAGS=''
EXTRA_CXXFLAGS=''
EXTRA_LDFLAGS=''
FDLIBM_CFLAGS=''
FGREP='/usr/bin/grep -F'
FILE='/usr/bin/file'
FILE_MACRO_CFLAGS=''
FIND='/usr/bin/find'
FIND_DELETE='-delete'
FIXPATH='/d/git/jdk21-vista/build/windows-x86_64-server-release/fixpath exec'
FIXPATH_BASE='/d/git/jdk21-vista/build/windows-x86_64-server-release/fixpath'
FLOCK='/usr/bin/flock'
FONTCONFIG_CFLAGS=''
FREETYPE_CFLAGS=''
FREETYPE_LIBS=''
FREETYPE_TO_USE=''
GCOV_ENABLED=''
GENDEPS_FLAGS=''
GIT=''
GREP='/usr/bin/grep'
GTEST_FRAMEWORK_SRC=''
GUNZIP='/usr/bin/gunzip'
GZIP='/usr/bin/gzip'
HARFBUZZ_CFLAGS=''
HARFBUZZ_LIBS=''
HEAD='/usr/bin/head'
HOTSPOT_BUILD_CPU='x86_64'
HOTSPOT_BUILD_CPU_ARCH='x86'
HOTSPOT_BUILD_CPU_DEFINE='AMD64'
HOTSPOT_BUILD_LIBC='default'
HOTSPOT_BUILD_OS='windows'
HOTSPOT_BUILD_OS_TYPE='windows'
HOTSPOT_BUILD_TIME=''
HOTSPOT_DEBUG_LEVEL='product'
HOTSPOT_OVERRIDE_LIBPATH=''
HOTSPOT_TARGET_CPU='x86_64'
HOTSPOT_TARGET_CPU_ARCH='x86'
HOTSPOT_TARGET_CPU_DEFINE='AMD64'
HOTSPOT_TARGET_LIBC='default'
HOTSPOT_TARGET_OS='windows'
HOTSPOT_TARGET_OS_TYPE='windows'
HOTSPOT_TOOLCHAIN_TYPE=''
HOTSPOT_VM_DISTRO='OpenJDK'
HSDIS_BACKEND=''
HSDIS_CFLAGS=''
HSDIS_LDFLAGS=''
HSDIS_LIBS=''
ICECC=''
ICECC_CMD=''
ICECC_CREATE_ENV=''
ICECC_WRAPPER=''
IMPORT_MODULES_CLASSES=''
IMPORT_MODULES_CMDS=''
IMPORT_MODULES_CONF=''
IMPORT_MODULES_LEGAL=''
IMPORT_MODULES_LIBS=''
IMPORT_MODULES_MAKE=''
IMPORT_MODULES_MAN=''
IMPORT_MODULES_SRC=''
INCLUDE_COMPILER2=''
INCLUDE_JVMCI=''
INCLUDE_SA='true'
INSTALL_NAME_TOOL=''
ISO_8601_FORMAT_STRING='%Y-%m-%dT%H:%M:%SZ'
IS_GNU_DATE='yes'
IS_GNU_TIME='yes'
JAR='/d/git/jdk21-vista/build/windows-x86_64-server-release/fixpath exec /c/progra~1/java/jdk-21~1.9-h/bin/jar.exe'
JAVA='/d/git/jdk21-vista/build/windows-x86_64-server-release/fixpath exec /c/progra~1/java/jdk-21~1.9-h/bin/java.exe'
JAVAC='/d/git/jdk21-vista/build/windows-x86_64-server-release/fixpath exec /c/progra~1/java/jdk-21~1.9-h/bin/javac.exe'
JAVAC_CHECK=''
JAVADOC='/d/git/jdk21-vista/build/windows-x86_64-server-release/fixpath exec /c/progra~1/java/jdk-21~1.9-h/bin/javadoc.exe'
JAVA_CHECK=''
JAVA_FLAGS=''
JAVA_FLAGS_BIG=''
JAVA_FLAGS_SMALL=''
JAVA_TOOL_FLAGS_SMALL=''
JCOV_ENABLED=''
JCOV_FILTERS=''
JCOV_HOME=''
JCOV_INPUT_JDK=''
JDKEXE_LIBS=''
JDKLIB_LIBS=''
JDK_ARCH_ABI_PROP_NAME=''
JDK_RC_COMPANY_NAME='N/A'
JDK_RC_NAME='OpenJDK Platform'
JDK_RC_PLATFORM_NAME='Platform'
JDK_SOURCE_TARGET_VERSION='21'
JIB_HOME=''
JLINK='/d/git/jdk21-vista/build/windows-x86_64-server-release/fixpath exec $(JDK_OUTPUTDIR)/bin/jlink'
JLINK_KEEP_PACKAGED_MODULES='true'
JMH_COMMONS_MATH_JAR=''
JMH_CORE_JAR=''
JMH_GENERATOR_JAR=''
JMH_JOPT_SIMPLE_JAR=''
JMH_VERSION=''
JMOD='/d/git/jdk21-vista/build/windows-x86_64-server-release/fixpath exec $(JDK_OUTPUTDIR)/bin/jmod'
JMOD_COMPRESS='zip-6'
JOBS=''
JTREGEXE=''
JTREG_JDK=''
JT_HOME=''
JVM_ASFLAGS=''
JVM_CFLAGS=''
JVM_FEATURES_client=''
JVM_FEATURES_core=''
JVM_FEATURES_custom=''
JVM_FEATURES_minimal=''
JVM_FEATURES_server=''
JVM_FEATURES_zero=''
JVM_LDFLAGS=''
JVM_LIBS=''
JVM_VARIANTS='server'
JVM_VARIANT_MAIN='server'
LAUNCHER_NAME='openjdk'
LCMS_CFLAGS=''
LCMS_LIBS=''
LD=''
LDCXX=''
LDD='/usr/bin/ldd'
LDFLAGS=''
LDFLAGS_CXX_JDK=''
LDFLAGS_JDKEXE=''
LDFLAGS_JDKLIB=''
LDFLAGS_TESTEXE=''
LD_OUT_OPTION=''
LIBCXX=''
LIBDL=''
LIBFFI_CFLAGS=''
LIBFFI_LIBS=''
LIBFFI_LIB_FILE=''
LIBM=''
LIBOBJS=''
LIBRARY_PREFIX=''
LIBS=''
LIBZIP_CAN_USE_MMAP=''
LIBZ_CFLAGS=''
LIBZ_LIBS=''
LIPO=''
LLVM_CONFIG=''
LN='/usr/bin/ln'
LS='/usr/bin/ls'
LSAN_ENABLED=''
LSB_RELEASE=''
LTLIBOBJS=''
MACOSX_BUNDLE_BUILD_VERSION='0'
MACOSX_BUNDLE_ID_BASE='net.java.openjdk-internal'
MACOSX_BUNDLE_NAME_BASE='OpenJDK'
MACOSX_CODESIGN_IDENTITY=''
MACOSX_CODESIGN_MODE=''
MACOSX_VERSION_MAX=''
MACOSX_VERSION_MIN=''
MAKE='/usr/bin/make'
MEMORY_SIZE=''
METAL=''
METALLIB=''
MIG=''
MKDIR='/usr/bin/mkdir'
MKTEMP='/usr/bin/mktemp'
MSVCP_DLL=''
MSVCR_DLL=''
MT=''
MV='/usr/bin/mv'
NICE='/usr/bin/nice'
NM=''
NMFLAGS=''
NUM_CORES=''
OBJCOPY=''
OBJDUMP=''
OBJEXT=''
OBJ_SUFFIX='.obj'
OPENJDK_BUILD_ABI='default'
OPENJDK_BUILD_ADLC_LANGSTD_CXXFLAGS=''
OPENJDK_BUILD_AUTOCONF_NAME='x86_64-pc-msys'
OPENJDK_BUILD_BUNDLE_PLATFORM='windows-x64'
OPENJDK_BUILD_CFLAGS_JDKEXE=''
OPENJDK_BUILD_CFLAGS_JDKLIB=''
OPENJDK_BUILD_CPU='x86_64'
OPENJDK_BUILD_CPU_ARCH='x86'
OPENJDK_BUILD_CPU_AUTOCONF='x86_64'
OPENJDK_BUILD_CPU_BITS='64'
OPENJDK_BUILD_CPU_ENDIAN='little'
OPENJDK_BUILD_CPU_LEGACY='amd64'
OPENJDK_BUILD_CPU_LEGACY_LIB='amd64'
OPENJDK_BUILD_CPU_OSARCH='amd64'
OPENJDK_BUILD_CXXFLAGS_JDKEXE=''
OPENJDK_BUILD_CXXFLAGS_JDKLIB=''
OPENJDK_BUILD_FDLIBM_CFLAGS=''
OPENJDK_BUILD_JDKLIB_LIBS=''
OPENJDK_BUILD_JVM_ASFLAGS=''
OPENJDK_BUILD_JVM_CFLAGS=''
OPENJDK_BUILD_JVM_LDFLAGS=''
OPENJDK_BUILD_JVM_LIBS=''
OPENJDK_BUILD_LDFLAGS_JDKEXE=''
OPENJDK_BUILD_LDFLAGS_JDKLIB=''
OPENJDK_BUILD_LIBC='default'
OPENJDK_BUILD_OS='windows'
OPENJDK_BUILD_OS_ENV='windows.msys2'
OPENJDK_BUILD_OS_INCLUDE_SUBDIR='win32'
OPENJDK_BUILD_OS_TYPE='windows'
OPENJDK_MODULE_TARGET_PLATFORM='windows-amd64'
OPENJDK_TARGET_ABI='default'
OPENJDK_TARGET_AUTOCONF_NAME='x86_64-pc-msys'
OPENJDK_TARGET_BUNDLE_PLATFORM='windows-x64'
OPENJDK_TARGET_CPU='x86_64'
OPENJDK_TARGET_CPU_ARCH='x86'
OPENJDK_TARGET_CPU_AUTOCONF='x86_64'
OPENJDK_TARGET_CPU_BITS='64'
OPENJDK_TARGET_CPU_ENDIAN='little'
OPENJDK_TARGET_CPU_LEGACY='amd64'
OPENJDK_TARGET_CPU_LEGACY_LIB='amd64'
OPENJDK_TARGET_CPU_OSARCH='amd64'
OPENJDK_TARGET_LIBC='default'
OPENJDK_TARGET_OS='windows'
OPENJDK_TARGET_OS_ENV='windows.msys2'
OPENJDK_TARGET_OS_INCLUDE_SUBDIR='win32'
OPENJDK_TARGET_OS_TYPE='windows'
OPENJDK_TARGET_OS_UPPERCASE='WINDOWS'
ORIGINAL_PATH='/usr/local/bin:/usr/bin:/bin:/opt/bin:/c/Windows/System32:/c/Windows:/c/Windows/System32/Wbem:/c/Windows/System32/WindowsPowerShell/v1.0/:/usr/bin/site_perl:/usr/bin/vendor_perl:/usr/bin/core_perl'
OS_VERSION_MAJOR='3'
OS_VERSION_MICRO='3'
OS_VERSION_MINOR='5'
OTOOL=''
OUTPUTDIR='/d/git/jdk21-vista/build/windows-x86_64-server-release'
OUTPUT_SYNC='none'
OUTPUT_SYNC_SUPPORTED='true'
PACKAGE_BUGREPORT='build-dev@openjdk.org'
PACKAGE_NAME='OpenJDK'
PACKAGE_STRING='OpenJDK openjdk'
PACKAGE_TARNAME='openjdk'
PACKAGE_URL='https://openjdk.org'
PACKAGE_VERSION='openjdk'
PANDOC=''
PANDOC_MARKDOWN_FLAG=''
PATCH=''
PATHTOOL='/usr/bin/cygpath'
PATH_SEPARATOR=':'
PKGHANDLER='/usr/bin/pacman'
PKG_CONFIG=''
PNG_CFLAGS=''
PNG_LIBS=''
POTENTIAL_CC=''
POTENTIAL_CXX=''
PRINTF='printf'
PRODUCT_NAME='OpenJDK'
PRODUCT_SUFFIX='Runtime Environment'
RC=''
RCFLAGS=''
READELF='/usr/bin/readelf'
READLINK='/usr/bin/readlink'
REAL_CONFIGURE_COMMAND_EXEC_FULL=''
REAL_CONFIGURE_COMMAND_EXEC_SHORT=''
REAL_CONFIGURE_COMMAND_LINE=''
RELEASE_FILE_LIBC='default'
RELEASE_FILE_OS_ARCH='x86_64'
RELEASE_FILE_OS_NAME='Windows'
REPRODUCIBLE_CFLAGS=''
RM='/usr/bin/rm -f'
RMDIR='/usr/bin/rmdir'
SED='/usr/bin/sed'
SETFILE=''
SET_EXECUTABLE_ORIGIN=''
SET_SHARED_LIBRARY_MAPFILE=''
SET_SHARED_LIBRARY_NAME=''
SET_SHARED_LIBRARY_ORIGIN=''
SH='/usr/bin/sh'
SHARED_LIBRARY='$1.dll'
SHARED_LIBRARY_FLAGS=''
SHARED_LIBRARY_SUFFIX='.dll'
SHELL='/usr/bin/bash'
SHIP_DEBUG_SYMBOLS=''
SORT='/usr/bin/sort'
SOURCE_DATE='1721452140'
SOURCE_DATE_ISO_8601='2024-07-20T05:09:00Z'
SPEC='/d/git/jdk21-vista/build/windows-x86_64-server-release/spec.gmk'
STAT='/usr/bin/stat'
STATIC_BUILD='false'
STATIC_LIBRARY='$1.lib'
STATIC_LIBRARY_SUFFIX='.lib'
STATIC_LIBS_CFLAGS=''
STRIP=''
STRIPFLAGS=''
SYSROOT=''
SYSROOT_CFLAGS=''
SYSROOT_LDFLAGS=''
TAIL='/usr/bin/tail'
TAR='/usr/bin/tar'
TAR_INCLUDE_PARAM='T'
TAR_SUPPORTS_TRANSFORM='true'
TAR_TYPE='gnu'
TEE='/usr/bin/tee'
TEST_JOBS=''
TIME='time'
TOOLCHAIN_PATH=''
TOOLCHAIN_TYPE='microsoft'
TOOLCHAIN_VERSION=''
TOPDIR='/d/git/jdk21-vista'
TOUCH='/usr/bin/touch'
TR='/usr/bin/tr'
UBSAN_CFLAGS=''
UBSAN_ENABLED=''
UBSAN_LDFLAGS=''
UCRT_DLL_DIR=''
ULIMIT=''
UNAME='/usr/bin/uname'
UNIQ='/usr/bin/uniq'
UNLIMITED_CRYPTO='true'
UNZIP='/usr/bin/unzip'
USERNAME='User'
USE_EXTERNAL_HARFBUZZ=''
USE_EXTERNAL_LCMS=''
USE_EXTERNAL_LIBGIF=''
USE_EXTERNAL_LIBJPEG=''
USE_EXTERNAL_LIBPNG=''
USE_EXTERNAL_LIBZ=''
USE_PRECOMPILED_HEADER=''
VALID_JVM_FEATURES=''
VALID_JVM_VARIANTS='server client minimal core zero custom'
VCRUNTIME_1_DLL=''
VENDOR_URL='https://openjdk.org/'
VENDOR_URL_BUG='https://bugreport.java.com/bugreport/'
VENDOR_URL_VM_BUG='https://bugreport.java.com/bugreport/crash.jsp'
VENDOR_VERSION_STRING=''
VERSION_BUILD=''
VERSION_CLASSFILE_MAJOR='65'
VERSION_CLASSFILE_MINOR='0'
VERSION_DATE='2024-07-16'
VERSION_DOCS_API_SINCE='11'
VERSION_EXTRA1='0'
VERSION_EXTRA2='0'
VERSION_EXTRA3='0'
VERSION_FEATURE='21'
VERSION_INTERIM='0'
VERSION_IS_GA='false'
VERSION_NUMBER='21.0.4'
VERSION_NUMBER_FOUR_POSITIONS='21.0.4.0'
VERSION_OPT='adhoc.User.jdk21-vista'
VERSION_PATCH='0'
VERSION_PRE='internal'
VERSION_SHORT='21.0.4-internal'
VERSION_STRING='21.0.4-internal-adhoc.User.jdk21-vista'
VERSION_UPDATE='4'
WARNINGS_AS_ERRORS=''
WC='/usr/bin/wc'
WHOAMI='/usr/bin/whoami'
WINENV_PREFIX=''
WINENV_ROOT='C:\msys64'
WORKSPACE_ROOT='/d/git/jdk21-vista'
XARGS='/usr/bin/xargs'
XATTR=''
XCODEBUILD=''
XCRUN=''
XLCLANG_TEST_PATH=''
XMKMF=''
X_CFLAGS=''
X_EXTRA_LIBS=''
X_LIBS=''
X_PRE_LIBS=''
ZIPEXE='/usr/bin/zip'
ZIP_EXTERNAL_DEBUG_SYMBOLS=''
ac_ct_CC=''
ac_ct_CXX=''
bindir='${exec_prefix}/bin'
build='x86_64-pc-msys'
build_alias='x86_64-pc-msys'
build_cpu='x86_64'
build_os='msys'
build_vendor='pc'
datadir='${datarootdir}'
datarootdir='${prefix}/share'
docdir='${datarootdir}/doc/${PACKAGE_TARNAME}'
dvidir='${docdir}'
exec_prefix='NONE'
host='x86_64-pc-msys'
host_alias=''
host_cpu='x86_64'
host_os='msys'
host_vendor='pc'
htmldir='${docdir}'
includedir='${prefix}/include'
infodir='${datarootdir}/info'
libdir='${exec_prefix}/lib'
libexecdir='${exec_prefix}/libexec'
localedir='${datarootdir}/locale'
localstatedir='${prefix}/var'
mandir='${datarootdir}/man'
oldincludedir='/usr/include'
pdfdir='${docdir}'
prefix='/usr'
program_transform_name='s,x,x,'
psdir='${docdir}'
runstatedir='${localstatedir}/run'
sbindir='${exec_prefix}/sbin'
sharedstatedir='${prefix}/com'
sysconfdir='${prefix}/etc'
target='x86_64-pc-msys'
target_alias=''
target_cpu='x86_64'
target_os='msys'
target_vendor='pc'

## ----------- ##
## confdefs.h. ##
## ----------- ##

/* confdefs.h */
#define PACKAGE_NAME "OpenJDK"
#define PACKAGE_TARNAME "openjdk"
#define PACKAGE_VERSION "openjdk"
#define PACKAGE_STRING "OpenJDK openjdk"
#define PACKAGE_BUGREPORT "build-dev@openjdk.org"
#define PACKAGE_URL "https://openjdk.org"

configure: exit 1
