configure: loading site script /etc/config.site
configure: Configuration created at Sat Jul 20 00:47:41 EDT 2024.
checking for basename... /usr/bin/basename
checking for dirname... /usr/bin/dirname
checking for file... /usr/bin/file
checking for ldd... /usr/bin/ldd
checking for echo... echo [builtin]
checking for tr... /usr/bin/tr
checking for uname... /usr/bin/uname
checking for wc... /usr/bin/wc
checking for grep that handles long lines and -e... /usr/bin/grep
checking for egrep... /usr/bin/grep -E
checking for a sed that does not truncate output... /usr/bin/sed
checking for cygpath... /usr/bin/cygpath
checking for cmd.exe... /c/Windows/System32/cmd.exe
checking build system type... x86_64-pc-msys
checking host system type... x86_64-pc-msys
checking target system type... x86_64-pc-msys
checking openjdk-build os-cpu... windows-x86_64
checking openjdk-target os-cpu... windows-x86_64
checking compilation type... native
checking Windows environment type... msys2
checking msys2 drive prefix... ''
checking msys2 root directory as Windows path... 'C:\msys64'
checking msys2 temp directory... /tmp
checking msys2 release... 3.5.3-d8b21b8c.x86_64
checking msys2 version... 2024-07-09 18:03 UTC
checking Windows version... 10.0.19045.3930
checking what kind of 'find' is first on the PATH... unix style
checking for top-level directory... /d/git/jdk21-vista
checking for bash... /usr/bin/bash
checking for cat... /usr/bin/cat
checking for chmod... /usr/bin/chmod
checking for cp... /usr/bin/cp
checking for cut... /usr/bin/cut
checking for date... /usr/bin/date
checking for gdiff... [not found]
checking for diff... /usr/bin/diff
checking for expr... /usr/bin/expr
checking for find... /usr/bin/find
checking for gunzip... /usr/bin/gunzip
checking for pigz... [not found]
checking for gzip... /usr/bin/gzip
checking for head... /usr/bin/head
checking for ln... /usr/bin/ln
checking for ls... /usr/bin/ls
checking for gmkdir... [not found]
checking for mkdir... /usr/bin/mkdir
checking for mktemp... /usr/bin/mktemp
checking for mv... /usr/bin/mv
checking for gawk... /usr/bin/gawk
checking for printf... printf [builtin]
checking for rm... /usr/bin/rm
checking for rmdir... /usr/bin/rmdir
checking for sh... /usr/bin/sh
checking for sort... /usr/bin/sort
checking for tail... /usr/bin/tail
checking for gtar... [not found]
checking for tar... /usr/bin/tar
checking for tee... /usr/bin/tee
checking for touch... /usr/bin/touch
checking for xargs... /usr/bin/xargs
checking for fgrep... /usr/bin/grep -F
checking for df... /usr/bin/df
checking for git... [not found]
checking for nice... /usr/bin/nice
checking for greadlink... [not found]
checking for readlink... /usr/bin/readlink
checking for whoami... /usr/bin/whoami
checking for lsb_release... [not found]
checking for cmp... /usr/bin/cmp
checking for uniq... /usr/bin/uniq
checking for build environment type... dev, default (calculated from 'auto')
checking if custom source is suppressed (openjdk-only)... disabled, default
checking for --enable-debug... disabled, default
checking which debug level to use... release
checking which variants of the JVM to build... server
checking if absolute paths should be allowed in the build output... no, release build
checking for toolchain path... 
checking for sysroot... 
checking for extra path... 
checking where to store configuration... in default location
checking what configuration name to use... windows-x86_64-server-release
checking for zypper... [not found]
checking for apt-get... [not found]
checking for yum... [not found]
checking for brew... [not found]
checking for port... [not found]
checking for pkgutil... [not found]
checking for pkgadd... [not found]
checking for pacman... /usr/bin/pacman
checking for pandoc... [not found]
checking for gmake... [not found]
checking for make... /usr/bin/make
configure: Testing potential make at /usr/bin/make, found using make in PATH
configure: Using GNU make at /usr/bin/make (version: GNU Make 4.4.1)
checking if make --output-sync is supported... yes
checking for make --output-sync value... none, default
checking if find supports -delete... yes
checking what type of tar was found... gnu
checking that grep (/usr/bin/grep) -Fx handles empty lines in the pattern list correctly... yes
checking for unzip... [not found]
configure: error: Could not find required tool for UNZIP
configure: loading site script /etc/config.site
configure: Configuration created at Sat Jul 20 01:05:07 EDT 2024.
checking for basename... /usr/bin/basename
checking for dirname... /usr/bin/dirname
checking for file... /usr/bin/file
checking for ldd... /usr/bin/ldd
checking for echo... echo [builtin]
checking for tr... /usr/bin/tr
checking for uname... /usr/bin/uname
checking for wc... /usr/bin/wc
checking for grep that handles long lines and -e... /usr/bin/grep
checking for egrep... /usr/bin/grep -E
checking for a sed that does not truncate output... /usr/bin/sed
checking for cygpath... /usr/bin/cygpath
checking for cmd.exe... /c/Windows/System32/cmd.exe
checking build system type... x86_64-pc-msys
checking host system type... x86_64-pc-msys
checking target system type... x86_64-pc-msys
checking openjdk-build os-cpu... windows-x86_64
checking openjdk-target os-cpu... windows-x86_64
checking compilation type... native
checking Windows environment type... msys2
checking msys2 drive prefix... ''
checking msys2 root directory as Windows path... 'C:\msys64'
checking msys2 temp directory... /tmp
checking msys2 release... 3.5.3-d8b21b8c.x86_64
checking msys2 version... 2024-07-09 18:03 UTC
checking Windows version... 10.0.19045.3930
checking what kind of 'find' is first on the PATH... unix style
checking for top-level directory... /d/git/jdk21-vista
checking for bash... /usr/bin/bash
checking for cat... /usr/bin/cat
checking for chmod... /usr/bin/chmod
checking for cp... /usr/bin/cp
checking for cut... /usr/bin/cut
checking for date... /usr/bin/date
checking for gdiff... [not found]
checking for diff... /usr/bin/diff
checking for expr... /usr/bin/expr
checking for find... /usr/bin/find
checking for gunzip... /usr/bin/gunzip
checking for pigz... [not found]
checking for gzip... /usr/bin/gzip
checking for head... /usr/bin/head
checking for ln... /usr/bin/ln
checking for ls... /usr/bin/ls
checking for gmkdir... [not found]
checking for mkdir... /usr/bin/mkdir
checking for mktemp... /usr/bin/mktemp
checking for mv... /usr/bin/mv
checking for gawk... /usr/bin/gawk
checking for printf... printf [builtin]
checking for rm... /usr/bin/rm
checking for rmdir... /usr/bin/rmdir
checking for sh... /usr/bin/sh
checking for sort... /usr/bin/sort
checking for tail... /usr/bin/tail
checking for gtar... [not found]
checking for tar... /usr/bin/tar
checking for tee... /usr/bin/tee
checking for touch... /usr/bin/touch
checking for xargs... /usr/bin/xargs
checking for fgrep... /usr/bin/grep -F
checking for df... /usr/bin/df
checking for git... [not found]
checking for nice... /usr/bin/nice
checking for greadlink... [not found]
checking for readlink... /usr/bin/readlink
checking for whoami... /usr/bin/whoami
checking for lsb_release... [not found]
checking for cmp... /usr/bin/cmp
checking for uniq... /usr/bin/uniq
checking for build environment type... dev, default (calculated from 'auto')
checking if custom source is suppressed (openjdk-only)... disabled, default
checking for --enable-debug... disabled, default
checking which debug level to use... release
checking which variants of the JVM to build... server
checking if absolute paths should be allowed in the build output... no, release build
checking for toolchain path... 
checking for sysroot... 
checking for extra path... 
checking where to store configuration... in default location
checking what configuration name to use... windows-x86_64-server-release
checking for zypper... [not found]
checking for apt-get... [not found]
checking for yum... [not found]
checking for brew... [not found]
checking for port... [not found]
checking for pkgutil... [not found]
checking for pkgadd... [not found]
checking for pacman... /usr/bin/pacman
checking for pandoc... [not found]
checking for gmake... [not found]
checking for make... /usr/bin/make
configure: Testing potential make at /usr/bin/make, found using make in PATH
configure: Using GNU make at /usr/bin/make (version: GNU Make 4.4.1)
checking if make --output-sync is supported... yes
checking for make --output-sync value... none, default
checking if find supports -delete... yes
checking what type of tar was found... gnu
checking that grep (/usr/bin/grep) -Fx handles empty lines in the pattern list correctly... yes
checking for unzip... /usr/bin/unzip
checking for zip... [not found]
configure: error: Could not find required tool for ZIPEXE
configure: loading site script /etc/config.site
configure: Configuration created at Sat Jul 20 01:05:55 EDT 2024.
checking for basename... /usr/bin/basename
checking for dirname... /usr/bin/dirname
checking for file... /usr/bin/file
checking for ldd... /usr/bin/ldd
checking for echo... echo [builtin]
checking for tr... /usr/bin/tr
checking for uname... /usr/bin/uname
checking for wc... /usr/bin/wc
checking for grep that handles long lines and -e... /usr/bin/grep
checking for egrep... /usr/bin/grep -E
checking for a sed that does not truncate output... /usr/bin/sed
checking for cygpath... /usr/bin/cygpath
checking for cmd.exe... /c/Windows/System32/cmd.exe
checking build system type... x86_64-pc-msys
checking host system type... x86_64-pc-msys
checking target system type... x86_64-pc-msys
checking openjdk-build os-cpu... windows-x86_64
checking openjdk-target os-cpu... windows-x86_64
checking compilation type... native
checking Windows environment type... msys2
checking msys2 drive prefix... ''
checking msys2 root directory as Windows path... 'C:\msys64'
checking msys2 temp directory... /tmp
checking msys2 release... 3.5.3-d8b21b8c.x86_64
checking msys2 version... 2024-07-09 18:03 UTC
checking Windows version... 10.0.19045.3930
checking what kind of 'find' is first on the PATH... unix style
checking for top-level directory... /d/git/jdk21-vista
checking for bash... /usr/bin/bash
checking for cat... /usr/bin/cat
checking for chmod... /usr/bin/chmod
checking for cp... /usr/bin/cp
checking for cut... /usr/bin/cut
checking for date... /usr/bin/date
checking for gdiff... [not found]
checking for diff... /usr/bin/diff
checking for expr... /usr/bin/expr
checking for find... /usr/bin/find
checking for gunzip... /usr/bin/gunzip
checking for pigz... [not found]
checking for gzip... /usr/bin/gzip
checking for head... /usr/bin/head
checking for ln... /usr/bin/ln
checking for ls... /usr/bin/ls
checking for gmkdir... [not found]
checking for mkdir... /usr/bin/mkdir
checking for mktemp... /usr/bin/mktemp
checking for mv... /usr/bin/mv
checking for gawk... /usr/bin/gawk
checking for printf... printf [builtin]
checking for rm... /usr/bin/rm
checking for rmdir... /usr/bin/rmdir
checking for sh... /usr/bin/sh
checking for sort... /usr/bin/sort
checking for tail... /usr/bin/tail
checking for gtar... [not found]
checking for tar... /usr/bin/tar
checking for tee... /usr/bin/tee
checking for touch... /usr/bin/touch
checking for xargs... /usr/bin/xargs
checking for fgrep... /usr/bin/grep -F
checking for df... /usr/bin/df
checking for git... [not found]
checking for nice... /usr/bin/nice
checking for greadlink... [not found]
checking for readlink... /usr/bin/readlink
checking for whoami... /usr/bin/whoami
checking for lsb_release... [not found]
checking for cmp... /usr/bin/cmp
checking for uniq... /usr/bin/uniq
checking for build environment type... dev, default (calculated from 'auto')
checking if custom source is suppressed (openjdk-only)... disabled, default
checking for --enable-debug... disabled, default
checking which debug level to use... release
checking which variants of the JVM to build... server
checking if absolute paths should be allowed in the build output... no, release build
checking for toolchain path... 
checking for sysroot... 
checking for extra path... 
checking where to store configuration... in default location
checking what configuration name to use... windows-x86_64-server-release
checking for zypper... [not found]
checking for apt-get... [not found]
checking for yum... [not found]
checking for brew... [not found]
checking for port... [not found]
checking for pkgutil... [not found]
checking for pkgadd... [not found]
checking for pacman... /usr/bin/pacman
checking for pandoc... [not found]
checking for gmake... [not found]
checking for make... /usr/bin/make
configure: Testing potential make at /usr/bin/make, found using make in PATH
configure: Using GNU make at /usr/bin/make (version: GNU Make 4.4.1)
checking if make --output-sync is supported... yes
checking for make --output-sync value... none, default
checking if find supports -delete... yes
checking what type of tar was found... gnu
checking that grep (/usr/bin/grep) -Fx handles empty lines in the pattern list correctly... yes
checking for unzip... /usr/bin/unzip
checking for zip... /usr/bin/zip
checking for greadelf... [not found]
checking for readelf... /usr/bin/readelf
checking for dot... [not found]
checking for stat... /usr/bin/stat
checking for time... time [builtin]
checking for flock... /usr/bin/flock
checking for dtrace... [not found]
checking for gpatch... [not found]
checking for patch... [not found]
checking if date is a GNU compatible version... yes
checking bash version... 5.2.26
checking if bash supports pipefail... yes
checking if bash supports errexit (-e)... yes
checking for pkg-config... no
checking for default LOG value... 
checking for JMOD compression type... zip-6, default
checking if packaged modules are kept... enabled, default
checking for --with-build-user... User, default
checking for --with-jdk-rc-name... OpenJDK Platform, default
checking for --with-vendor-name... N/A, default
checking for --with-jdk-rc-company-name... N/A, default
checking for --with-vendor-url... https://openjdk.org/, default
checking for --with-vendor-bug-url... https://bugreport.java.com/bugreport/, default
checking for --with-vendor-vm-bug-url... https://bugreport.java.com/bugreport/crash.jsp, default
checking for --with-version-string... <none>, default
checking for --with-version-feature... 21, default
checking for --with-version-date... 2024-07-16, default
checking for --with-vendor-version-string... <disabled>, default
checking for --with-macosx-bundle-name-base... OpenJDK, default
checking for --with-macosx-bundle-id-base... net.java.openjdk-internal, default
checking for --with-macosx-bundle-build-version... 0, default
checking for version string... 21.0.4-internal-adhoc.User.jdk21-vista
checking for javac... [not found]
checking for java... [not found]
configure: Found potential Boot JDK using well-known locations (in /c/progra~1/java/latest)
configure: Potential Boot JDK found at /c/progra~1/java/latest did not contain bin/java; ignoring
configure: Found potential Boot JDK using well-known locations (in /c/progra~1/java/jre1.8.0_421)
configure: Potential Boot JDK found at /c/progra~1/java/jre1.8.0_421 did not contain bin/javac; ignoring
configure: (This might be an JRE instead of an JDK)
configure: Found potential Boot JDK using well-known locations (in /c/progra~1/java/latest)
configure: Potential Boot JDK found at /c/progra~1/java/latest did not contain bin/java; ignoring
configure: Found potential Boot JDK using well-known locations (in /c/progra~1/java/jre1.8.0_421)
configure: Potential Boot JDK found at /c/progra~1/java/jre1.8.0_421 did not contain bin/javac; ignoring
configure: (This might be an JRE instead of an JDK)
configure: Could not find a valid Boot JDK. OpenJDK distributions are available at http://jdk.java.net/.
configure: This might be fixed by explicitly setting --with-boot-jdk
configure: error: Cannot continue
configure: loading site script /etc/config.site
configure: Configuration created at Sat Jul 20 01:08:30 EDT 2024.
checking for basename... /usr/bin/basename
checking for dirname... /usr/bin/dirname
checking for file... /usr/bin/file
checking for ldd... /usr/bin/ldd
checking for echo... echo [builtin]
checking for tr... /usr/bin/tr
checking for uname... /usr/bin/uname
checking for wc... /usr/bin/wc
checking for grep that handles long lines and -e... /usr/bin/grep
checking for egrep... /usr/bin/grep -E
checking for a sed that does not truncate output... /usr/bin/sed
checking for cygpath... /usr/bin/cygpath
checking for cmd.exe... /c/Windows/System32/cmd.exe
checking build system type... x86_64-pc-msys
checking host system type... x86_64-pc-msys
checking target system type... x86_64-pc-msys
checking openjdk-build os-cpu... windows-x86_64
checking openjdk-target os-cpu... windows-x86_64
checking compilation type... native
checking Windows environment type... msys2
checking msys2 drive prefix... ''
checking msys2 root directory as Windows path... 'C:\msys64'
checking msys2 temp directory... /tmp
checking msys2 release... 3.5.3-d8b21b8c.x86_64
checking msys2 version... 2024-07-09 18:03 UTC
checking Windows version... 10.0.19045.3930
checking what kind of 'find' is first on the PATH... unix style
checking for top-level directory... /d/git/jdk21-vista
checking for bash... /usr/bin/bash
checking for cat... /usr/bin/cat
checking for chmod... /usr/bin/chmod
checking for cp... /usr/bin/cp
checking for cut... /usr/bin/cut
checking for date... /usr/bin/date
checking for gdiff... [not found]
checking for diff... /usr/bin/diff
checking for expr... /usr/bin/expr
checking for find... /usr/bin/find
checking for gunzip... /usr/bin/gunzip
checking for pigz... [not found]
checking for gzip... /usr/bin/gzip
checking for head... /usr/bin/head
checking for ln... /usr/bin/ln
checking for ls... /usr/bin/ls
checking for gmkdir... [not found]
checking for mkdir... /usr/bin/mkdir
checking for mktemp... /usr/bin/mktemp
checking for mv... /usr/bin/mv
checking for gawk... /usr/bin/gawk
checking for printf... printf [builtin]
checking for rm... /usr/bin/rm
checking for rmdir... /usr/bin/rmdir
checking for sh... /usr/bin/sh
checking for sort... /usr/bin/sort
checking for tail... /usr/bin/tail
checking for gtar... [not found]
checking for tar... /usr/bin/tar
checking for tee... /usr/bin/tee
checking for touch... /usr/bin/touch
checking for xargs... /usr/bin/xargs
checking for fgrep... /usr/bin/grep -F
checking for df... /usr/bin/df
checking for git... [not found]
checking for nice... /usr/bin/nice
checking for greadlink... [not found]
checking for readlink... /usr/bin/readlink
checking for whoami... /usr/bin/whoami
checking for lsb_release... [not found]
checking for cmp... /usr/bin/cmp
checking for uniq... /usr/bin/uniq
checking for build environment type... dev, default (calculated from 'auto')
checking if custom source is suppressed (openjdk-only)... disabled, default
checking for --enable-debug... disabled, default
checking which debug level to use... release
checking which variants of the JVM to build... server
checking if absolute paths should be allowed in the build output... no, release build
checking for toolchain path... 
checking for sysroot... 
checking for extra path... 
checking where to store configuration... in default location
checking what configuration name to use... windows-x86_64-server-release
checking for zypper... [not found]
checking for apt-get... [not found]
checking for yum... [not found]
checking for brew... [not found]
checking for port... [not found]
checking for pkgutil... [not found]
checking for pkgadd... [not found]
checking for pacman... /usr/bin/pacman
checking for pandoc... [not found]
checking for gmake... [not found]
checking for make... /usr/bin/make
configure: Testing potential make at /usr/bin/make, found using make in PATH
configure: Using GNU make at /usr/bin/make (version: GNU Make 4.4.1)
checking if make --output-sync is supported... yes
checking for make --output-sync value... none, default
checking if find supports -delete... yes
checking what type of tar was found... gnu
checking that grep (/usr/bin/grep) -Fx handles empty lines in the pattern list correctly... yes
checking for unzip... /usr/bin/unzip
checking for zip... /usr/bin/zip
checking for greadelf... [not found]
checking for readelf... /usr/bin/readelf
checking for dot... [not found]
checking for stat... /usr/bin/stat
checking for time... time [builtin]
checking for flock... /usr/bin/flock
checking for dtrace... [not found]
checking for gpatch... [not found]
checking for patch... [not found]
checking if date is a GNU compatible version... yes
checking bash version... 5.2.26
checking if bash supports pipefail... yes
checking if bash supports errexit (-e)... yes
checking for pkg-config... no
checking for default LOG value... 
checking for JMOD compression type... zip-6, default
checking if packaged modules are kept... enabled, default
checking for --with-build-user... User, default
checking for --with-jdk-rc-name... OpenJDK Platform, default
checking for --with-vendor-name... N/A, default
checking for --with-jdk-rc-company-name... N/A, default
checking for --with-vendor-url... https://openjdk.org/, default
checking for --with-vendor-bug-url... https://bugreport.java.com/bugreport/, default
checking for --with-vendor-vm-bug-url... https://bugreport.java.com/bugreport/crash.jsp, default
checking for --with-version-string... <none>, default
checking for --with-version-feature... 21, default
checking for --with-version-date... 2024-07-16, default
checking for --with-vendor-version-string... <disabled>, default
checking for --with-macosx-bundle-name-base... OpenJDK, default
checking for --with-macosx-bundle-id-base... net.java.openjdk-internal, default
checking for --with-macosx-bundle-build-version... 0, default
checking for version string... 21.0.4-internal-adhoc.User.jdk21-vista
checking for javac... [not found]
checking for java... [not found]
configure: Found potential Boot JDK using well-known locations (in /c/progra~1/java/latest)
configure: Potential Boot JDK found at /c/progra~1/java/latest did not contain bin/java; ignoring
configure: Found potential Boot JDK using well-known locations (in /c/progra~1/java/jre1.8.0_421)
configure: Potential Boot JDK found at /c/progra~1/java/jre1.8.0_421 did not contain bin/javac; ignoring
configure: (This might be an JRE instead of an JDK)
configure: Found potential Boot JDK using well-known locations (in /c/progra~1/java/jdk-8.0.402.6-hotspot)
configure: Potential Boot JDK found at /c/progra~1/java/jdk-8.0.402.6-hotspot is incorrect JDK version (openjdk version "1.8.0_402" OpenJDK Runtime Environment (Temurin)(build 1.8.0_402-b06) OpenJDK 64-Bit Server VM (Temurin)(build 25.402-b06, mixed mode)); ignoring
configure: (Your Boot JDK version must be one of: 20 21)
configure: Found potential Boot JDK using well-known locations (in /c/progra~1/java/jdk-21.0.3.9-hotspot)
checking for Boot JDK... /c/progra~1/java/jdk-21~1.9-h
checking Boot JDK version... openjdk version "21.0.3" 2024-04-16 LTS OpenJDK Runtime Environment Temurin-21.0.3+9 (build 21.0.3+9-LTS) OpenJDK 64-Bit Server VM Temurin-21.0.3+9 (build 21.0.3+9-LTS, mixed mode, sharing)
checking for java [Boot JDK]... $BOOT_JDK/bin/java
checking for javac [Boot JDK]... $BOOT_JDK/bin/javac
checking for javadoc [Boot JDK]... $BOOT_JDK/bin/javadoc
checking for jar [Boot JDK]... $BOOT_JDK/bin/jar
checking if Boot JDK jar supports --date=TIMESTAMP... true
checking if Boot JDK is 32 or 64 bits... 64
checking for local Boot JDK Class Data Sharing (CDS)... yes, created
checking for Build JDK... yes, will use output dir
checking for docs-reference JDK... no, using interim javadoc for the docs-reference targets
checking what source date to use... 1721452140, from 'current' (default)
checking if we should build headless-only (no GUI)... disabled, default
checking if linker should clean out unused code (linktime-gc)... disabled, default
checking for graphviz dot... no, cannot generate full docs
checking for pandoc... no, cannot generate full docs
checking for --enable-full-docs... disabled, from default 'auto'
checking for cacerts file... default
checking for cacerts source... default
checking for --enable-unlimited-crypto... enabled, default
checking for jni library path... default
checking if static build is available... no
checking if static build is enabled... disabled, default
configure: Using default toolchain microsoft (Microsoft Visual Studio)
configure: error: Cannot locate a valid Visual Studio installation
